[2022-10-13 19:21:09] local.INFO: Attendance Successfully  
[2022-10-13 19:21:09] local.INFO: Attendance Successfully  
[2022-10-13 19:21:09] local.INFO: Attendance Successfully  
[2022-10-13 19:21:09] local.INFO: Attendance Successfully  
[2022-10-13 19:21:09] local.INFO: Attendance Successfully  
[2022-10-13 19:21:09] local.INFO: Attendance Successfully  
[2022-10-13 19:21:09] local.INFO: Attendance Successfully  
[2022-10-13 19:21:09] local.INFO: Attendance Successfully  
[2022-10-13 19:21:09] local.INFO: Attendance Successfully  
[2022-10-13 19:21:09] local.INFO: Attendance Successfully  
[2022-10-13 19:21:09] local.INFO: Attendance Successfully  
[2022-10-13 19:21:09] local.INFO: Attendance Successfully  
[2022-10-13 19:21:09] local.INFO: Attendance Successfully  
[2022-10-13 19:21:09] local.INFO: Attendance Successfully  
[2022-10-13 19:21:09] local.INFO: Attendance Successfully  
[2022-10-13 19:21:09] local.INFO: Attendance Successfully  
[2022-10-13 19:21:09] local.INFO: Attendance Successfully  
[2022-10-13 19:21:09] local.INFO: Attendance Successfully  
[2022-10-13 19:21:09] local.INFO: Attendance Successfully  
[2022-10-13 19:21:09] local.INFO: Attendance Successfully  
[2022-10-13 19:21:09] local.INFO: Attendance Successfully  
[2022-10-13 19:21:09] local.INFO: Attendance Successfully  
[2022-10-13 19:21:09] local.INFO: Attendance Successfully  
[2022-10-13 19:21:09] local.INFO: Attendance Successfully  
[2022-10-13 19:21:09] local.INFO: Attendance Successfully  
[2022-10-13 19:21:09] local.INFO: Attendance Successfully  
[2022-10-13 19:21:09] local.INFO: Attendance Successfully  
[2022-10-13 19:21:09] local.INFO: Attendance Successfully  
[2022-10-13 19:21:09] local.INFO: Attendance Successfully  
[2022-10-13 19:21:09] local.INFO: Attendance Successfully  
[2022-10-13 19:21:09] local.INFO: Attendance Successfully  
[2022-10-13 19:21:09] local.INFO: Attendance Successfully  
[2022-10-13 19:21:09] local.INFO: Attendance Successfully  
[2022-10-13 19:21:09] local.INFO: Attendance Successfully  
[2022-10-13 19:21:09] local.INFO: Attendance Successfully  
[2022-10-13 19:21:09] local.INFO: Attendance Successfully  
[2022-10-13 19:21:09] local.INFO: Attendance Successfully  
[2022-10-13 19:21:09] local.INFO: Attendance Successfully  
[2022-10-13 19:21:09] local.INFO: Attendance Successfully  
[2022-10-13 19:21:09] local.INFO: Attendance Successfully  
[2022-10-13 19:21:09] local.INFO: Attendance Successfully  
[2022-10-13 19:21:09] local.INFO: Attendance Successfully  
[2022-10-13 19:21:09] local.INFO: Attendance Successfully  
[2022-10-13 19:21:09] local.INFO: Attendance Successfully  
[2022-10-13 19:21:10] local.INFO: Attendance Successfully  
[2022-10-13 19:21:10] local.INFO: Attendance Successfully  
[2022-10-13 19:21:10] local.INFO: Attendance Successfully  
[2022-10-13 19:21:10] local.INFO: Attendance Successfully  
[2022-10-13 19:21:10] local.INFO: Attendance Successfully  
[2022-10-13 19:21:10] local.INFO: Attendance Successfully  
[2022-10-13 19:21:10] local.INFO: Attendance Successfully  
[2022-10-13 19:21:10] local.INFO: Attendance Successfully  
[2022-10-13 19:21:10] local.INFO: Attendance Successfully  
[2022-10-13 19:21:10] local.INFO: Attendance Successfully  
[2022-10-13 19:21:10] local.INFO: Attendance Successfully  
[2022-10-13 19:21:10] local.INFO: Attendance Successfully  
[2022-10-13 19:21:10] local.INFO: Attendance Successfully  
[2022-10-13 19:21:10] local.INFO: Attendance Successfully  
[2022-10-13 19:21:10] local.INFO: Attendance Successfully  
[2022-10-13 19:21:10] local.INFO: Attendance Successfully  
[2022-10-13 19:21:10] local.INFO: Attendance Successfully  
[2022-10-13 19:21:10] local.INFO: Attendance Successfully  
[2022-10-13 19:21:10] local.INFO: Attendance Successfully  
[2022-10-13 19:21:10] local.INFO: Attendance Successfully  
[2022-10-13 19:21:10] local.INFO: Attendance Successfully  
[2022-10-13 19:21:10] local.INFO: Attendance Successfully  
[2022-10-13 19:21:10] local.INFO: Attendance Successfully  
[2022-10-13 19:21:10] local.INFO: Attendance Successfully  
[2022-10-13 19:21:10] local.INFO: Attendance Successfully  
[2022-10-13 19:21:10] local.INFO: Attendance Successfully  
[2022-10-13 19:21:10] local.INFO: Attendance Successfully  
[2022-10-13 19:21:10] local.INFO: Attendance Successfully  
[2022-10-13 19:21:10] local.INFO: Attendance Successfully  
[2022-10-13 19:21:10] local.INFO: Attendance Successfully  
[2022-10-13 19:21:10] local.INFO: Attendance Successfully  
[2022-10-13 19:21:10] local.INFO: Attendance Successfully  
[2022-10-13 19:21:10] local.INFO: Attendance Successfully  
[2022-10-13 19:21:10] local.INFO: Attendance Successfully  
[2022-10-13 19:21:10] local.INFO: Attendance Successfully  
[2022-10-13 19:21:10] local.INFO: Attendance Successfully  
[2022-10-13 19:21:10] local.INFO: Attendance Successfully  
[2022-10-13 19:21:10] local.INFO: Attendance Successfully  
[2022-10-13 19:21:10] local.INFO: Attendance Successfully  
[2022-10-13 19:21:10] local.INFO: Attendance Successfully  
[2022-10-13 19:21:10] local.INFO: Attendance Successfully  
[2022-10-13 19:21:10] local.INFO: Attendance Successfully  
[2022-10-13 19:21:10] local.INFO: Attendance Successfully  
[2022-10-13 19:21:10] local.INFO: Attendance Successfully  
[2022-10-13 19:21:51] local.ERROR: Cannot redeclare getEmployeeAcordigToDesignation() (previously declared in C:\xampp\htdocs\rgms\app\helpers.php:37) {"exception":"[object] (Symfony\\Component\\ErrorHandler\\Error\\FatalError(code: 0): Cannot redeclare getEmployeeAcordigToDesignation() (previously declared in C:\\xampp\\htdocs\gms\\app\\helpers.php:37) at C:\\xampp\\htdocs\gms\\app\\helpers.php:37)
[stacktrace]
#0 {main}
"} 
[2022-10-13 19:22:02] local.INFO: Attendance Successfully  
[2022-10-13 19:22:02] local.INFO: Attendance Successfully  
[2022-10-13 19:22:02] local.INFO: Attendance Successfully  
[2022-10-13 19:22:02] local.INFO: Attendance Successfully  
[2022-10-13 19:22:02] local.INFO: Attendance Successfully  
[2022-10-13 19:22:02] local.INFO: Attendance Successfully  
[2022-10-13 19:22:02] local.INFO: Attendance Successfully  
[2022-10-13 19:22:02] local.INFO: Attendance Successfully  
[2022-10-13 19:22:02] local.INFO: Attendance Successfully  
[2022-10-13 19:22:02] local.INFO: Attendance Successfully  
[2022-10-13 19:22:02] local.INFO: Attendance Successfully  
[2022-10-13 19:22:02] local.INFO: Attendance Successfully  
[2022-10-13 19:22:02] local.INFO: Attendance Successfully  
[2022-10-13 19:22:02] local.INFO: Attendance Successfully  
[2022-10-13 19:22:02] local.INFO: Attendance Successfully  
[2022-10-13 19:22:02] local.INFO: Attendance Successfully  
[2022-10-13 19:22:02] local.INFO: Attendance Successfully  
[2022-10-13 19:22:02] local.INFO: Attendance Successfully  
[2022-10-13 19:22:02] local.INFO: Attendance Successfully  
[2022-10-13 19:22:02] local.INFO: Attendance Successfully  
[2022-10-13 19:22:02] local.INFO: Attendance Successfully  
[2022-10-13 19:22:02] local.INFO: Attendance Successfully  
[2022-10-13 19:22:02] local.INFO: Attendance Successfully  
[2022-10-13 19:22:02] local.INFO: Attendance Successfully  
[2022-10-13 19:22:02] local.INFO: Attendance Successfully  
[2022-10-13 19:22:02] local.INFO: Attendance Successfully  
[2022-10-13 19:22:02] local.INFO: Attendance Successfully  
[2022-10-13 19:22:02] local.INFO: Attendance Successfully  
[2022-10-13 19:22:02] local.INFO: Attendance Successfully  
[2022-10-13 19:22:02] local.INFO: Attendance Successfully  
[2022-10-13 19:22:02] local.INFO: Attendance Successfully  
[2022-10-13 19:22:02] local.INFO: Attendance Successfully  
[2022-10-13 19:22:02] local.INFO: Attendance Successfully  
[2022-10-13 19:22:02] local.INFO: Attendance Successfully  
[2022-10-13 19:22:02] local.INFO: Attendance Successfully  
[2022-10-13 19:22:02] local.INFO: Attendance Successfully  
[2022-10-13 19:22:02] local.INFO: Attendance Successfully  
[2022-10-13 19:22:02] local.INFO: Attendance Successfully  
[2022-10-13 19:22:02] local.INFO: Attendance Successfully  
[2022-10-13 19:22:02] local.INFO: Attendance Successfully  
[2022-10-13 19:22:02] local.INFO: Attendance Successfully  
[2022-10-13 19:22:02] local.INFO: Attendance Successfully  
[2022-10-13 19:22:02] local.INFO: Attendance Successfully  
[2022-10-13 19:22:02] local.INFO: Attendance Successfully  
[2022-10-13 19:22:02] local.INFO: Attendance Successfully  
[2022-10-13 19:22:02] local.INFO: Attendance Successfully  
[2022-10-13 19:22:02] local.INFO: Attendance Successfully  
[2022-10-13 19:22:02] local.INFO: Attendance Successfully  
[2022-10-13 19:22:02] local.INFO: Attendance Successfully  
[2022-10-13 19:22:02] local.INFO: Attendance Successfully  
[2022-10-13 19:22:02] local.INFO: Attendance Successfully  
[2022-10-13 19:22:02] local.INFO: Attendance Successfully  
[2022-10-13 19:22:02] local.INFO: Attendance Successfully  
[2022-10-13 19:22:02] local.INFO: Attendance Successfully  
[2022-10-13 19:22:02] local.INFO: Attendance Successfully  
[2022-10-13 19:22:02] local.INFO: Attendance Successfully  
[2022-10-13 19:22:02] local.INFO: Attendance Successfully  
[2022-10-13 19:22:02] local.INFO: Attendance Successfully  
[2022-10-13 19:22:02] local.INFO: Attendance Successfully  
[2022-10-13 19:22:02] local.INFO: Attendance Successfully  
[2022-10-13 19:22:02] local.INFO: Attendance Successfully  
[2022-10-13 19:22:02] local.INFO: Attendance Successfully  
[2022-10-13 19:22:02] local.INFO: Attendance Successfully  
[2022-10-13 19:22:02] local.INFO: Attendance Successfully  
[2022-10-13 19:22:02] local.INFO: Attendance Successfully  
[2022-10-13 19:22:02] local.INFO: Attendance Successfully  
[2022-10-13 19:22:02] local.INFO: Attendance Successfully  
[2022-10-13 19:22:02] local.INFO: Attendance Successfully  
[2022-10-13 19:22:02] local.INFO: Attendance Successfully  
[2022-10-13 19:22:02] local.INFO: Attendance Successfully  
[2022-10-13 19:22:02] local.INFO: Attendance Successfully  
[2022-10-13 19:22:02] local.INFO: Attendance Successfully  
[2022-10-13 19:22:02] local.INFO: Attendance Successfully  
[2022-10-13 19:22:02] local.INFO: Attendance Successfully  
[2022-10-13 19:22:02] local.INFO: Attendance Successfully  
[2022-10-13 19:22:02] local.INFO: Attendance Successfully  
[2022-10-13 19:22:03] local.INFO: Attendance Successfully  
[2022-10-13 19:22:03] local.INFO: Attendance Successfully  
[2022-10-13 19:22:03] local.INFO: Attendance Successfully  
[2022-10-13 19:22:03] local.INFO: Attendance Successfully  
[2022-10-13 19:22:03] local.INFO: Attendance Successfully  
[2022-10-13 19:22:03] local.INFO: Attendance Successfully  
[2022-10-13 19:22:03] local.INFO: Attendance Successfully  
[2022-10-13 19:22:03] local.INFO: Attendance Successfully  
[2022-10-13 19:22:03] local.INFO: Attendance Successfully  
[2022-10-13 19:22:03] local.INFO: Attendance Successfully  
[2022-10-13 19:22:03] local.INFO: Attendance Successfully  
[2022-10-13 19:22:03] local.INFO: Attendance Successfully  
[2022-10-13 19:22:51] local.ERROR: Cannot redeclare getEmployeeAcordigToDesignation() (previously declared in C:\xampp\htdocs\rgms\app\helpers.php:37) {"exception":"[object] (Symfony\\Component\\ErrorHandler\\Error\\FatalError(code: 0): Cannot redeclare getEmployeeAcordigToDesignation() (previously declared in C:\\xampp\\htdocs\gms\\app\\helpers.php:37) at C:\\xampp\\htdocs\gms\\app\\helpers.php:37)
[stacktrace]
#0 {main}
"} 
[2022-10-13 19:23:02] local.INFO: Attendance Successfully  
[2022-10-13 19:23:02] local.INFO: Attendance Successfully  
[2022-10-13 19:23:02] local.INFO: Attendance Successfully  
[2022-10-13 19:23:02] local.INFO: Attendance Successfully  
[2022-10-13 19:23:02] local.INFO: Attendance Successfully  
[2022-10-13 19:23:02] local.INFO: Attendance Successfully  
[2022-10-13 19:23:02] local.INFO: Attendance Successfully  
[2022-10-13 19:23:02] local.INFO: Attendance Successfully  
[2022-10-13 19:23:02] local.INFO: Attendance Successfully  
[2022-10-13 19:23:02] local.INFO: Attendance Successfully  
[2022-10-13 19:23:02] local.INFO: Attendance Successfully  
[2022-10-13 19:23:02] local.INFO: Attendance Successfully  
[2022-10-13 19:23:02] local.INFO: Attendance Successfully  
[2022-10-13 19:23:02] local.INFO: Attendance Successfully  
[2022-10-13 19:23:02] local.INFO: Attendance Successfully  
[2022-10-13 19:23:02] local.INFO: Attendance Successfully  
[2022-10-13 19:23:02] local.INFO: Attendance Successfully  
[2022-10-13 19:23:02] local.INFO: Attendance Successfully  
[2022-10-13 19:23:02] local.INFO: Attendance Successfully  
[2022-10-13 19:23:02] local.INFO: Attendance Successfully  
[2022-10-13 19:23:02] local.INFO: Attendance Successfully  
[2022-10-13 19:23:02] local.INFO: Attendance Successfully  
[2022-10-13 19:23:02] local.INFO: Attendance Successfully  
[2022-10-13 19:23:02] local.INFO: Attendance Successfully  
[2022-10-13 19:23:02] local.INFO: Attendance Successfully  
[2022-10-13 19:23:02] local.INFO: Attendance Successfully  
[2022-10-13 19:23:02] local.INFO: Attendance Successfully  
[2022-10-13 19:23:02] local.INFO: Attendance Successfully  
[2022-10-13 19:23:02] local.INFO: Attendance Successfully  
[2022-10-13 19:23:02] local.INFO: Attendance Successfully  
[2022-10-13 19:23:02] local.INFO: Attendance Successfully  
[2022-10-13 19:23:02] local.INFO: Attendance Successfully  
[2022-10-13 19:23:02] local.INFO: Attendance Successfully  
[2022-10-13 19:23:02] local.INFO: Attendance Successfully  
[2022-10-13 19:23:02] local.INFO: Attendance Successfully  
[2022-10-13 19:23:02] local.INFO: Attendance Successfully  
[2022-10-13 19:23:02] local.INFO: Attendance Successfully  
[2022-10-13 19:23:02] local.INFO: Attendance Successfully  
[2022-10-13 19:23:03] local.INFO: Attendance Successfully  
[2022-10-13 19:23:03] local.INFO: Attendance Successfully  
[2022-10-13 19:23:03] local.INFO: Attendance Successfully  
[2022-10-13 19:23:03] local.INFO: Attendance Successfully  
[2022-10-13 19:23:03] local.INFO: Attendance Successfully  
[2022-10-13 19:23:03] local.INFO: Attendance Successfully  
[2022-10-13 19:23:03] local.INFO: Attendance Successfully  
[2022-10-13 19:23:03] local.INFO: Attendance Successfully  
[2022-10-13 19:23:03] local.INFO: Attendance Successfully  
[2022-10-13 19:23:03] local.INFO: Attendance Successfully  
[2022-10-13 19:23:03] local.INFO: Attendance Successfully  
[2022-10-13 19:23:03] local.INFO: Attendance Successfully  
[2022-10-13 19:23:03] local.INFO: Attendance Successfully  
[2022-10-13 19:23:03] local.INFO: Attendance Successfully  
[2022-10-13 19:23:03] local.INFO: Attendance Successfully  
[2022-10-13 19:23:03] local.INFO: Attendance Successfully  
[2022-10-13 19:23:03] local.INFO: Attendance Successfully  
[2022-10-13 19:23:03] local.INFO: Attendance Successfully  
[2022-10-13 19:23:03] local.INFO: Attendance Successfully  
[2022-10-13 19:23:03] local.INFO: Attendance Successfully  
[2022-10-13 19:23:03] local.INFO: Attendance Successfully  
[2022-10-13 19:23:03] local.INFO: Attendance Successfully  
[2022-10-13 19:23:03] local.INFO: Attendance Successfully  
[2022-10-13 19:23:03] local.INFO: Attendance Successfully  
[2022-10-13 19:23:03] local.INFO: Attendance Successfully  
[2022-10-13 19:23:03] local.INFO: Attendance Successfully  
[2022-10-13 19:23:03] local.INFO: Attendance Successfully  
[2022-10-13 19:23:03] local.INFO: Attendance Successfully  
[2022-10-13 19:23:03] local.INFO: Attendance Successfully  
[2022-10-13 19:23:03] local.INFO: Attendance Successfully  
[2022-10-13 19:23:03] local.INFO: Attendance Successfully  
[2022-10-13 19:23:03] local.INFO: Attendance Successfully  
[2022-10-13 19:23:03] local.INFO: Attendance Successfully  
[2022-10-13 19:23:03] local.INFO: Attendance Successfully  
[2022-10-13 19:23:03] local.INFO: Attendance Successfully  
[2022-10-13 19:23:03] local.INFO: Attendance Successfully  
[2022-10-13 19:23:03] local.INFO: Attendance Successfully  
[2022-10-13 19:23:03] local.INFO: Attendance Successfully  
[2022-10-13 19:23:03] local.INFO: Attendance Successfully  
[2022-10-13 19:23:03] local.INFO: Attendance Successfully  
[2022-10-13 19:23:03] local.INFO: Attendance Successfully  
[2022-10-13 19:23:03] local.INFO: Attendance Successfully  
[2022-10-13 19:23:03] local.INFO: Attendance Successfully  
[2022-10-13 19:23:03] local.INFO: Attendance Successfully  
[2022-10-13 19:23:03] local.INFO: Attendance Successfully  
[2022-10-13 19:23:03] local.INFO: Attendance Successfully  
[2022-10-13 19:23:03] local.INFO: Attendance Successfully  
[2022-10-13 19:23:03] local.INFO: Attendance Successfully  
[2022-10-13 19:23:03] local.INFO: Attendance Successfully  
[2022-10-13 19:23:03] local.INFO: Attendance Successfully  
[2022-10-13 19:23:50] local.ERROR: Cannot redeclare getEmployeeAcordigToDesignation() (previously declared in C:\xampp\htdocs\rgms\app\helpers.php:37) {"exception":"[object] (Symfony\\Component\\ErrorHandler\\Error\\FatalError(code: 0): Cannot redeclare getEmployeeAcordigToDesignation() (previously declared in C:\\xampp\\htdocs\gms\\app\\helpers.php:37) at C:\\xampp\\htdocs\gms\\app\\helpers.php:37)
[stacktrace]
#0 {main}
"} 
[2022-10-13 19:24:02] local.INFO: Attendance Successfully  
[2022-10-13 19:24:02] local.INFO: Attendance Successfully  
[2022-10-13 19:24:02] local.INFO: Attendance Successfully  
[2022-10-13 19:24:02] local.INFO: Attendance Successfully  
[2022-10-13 19:24:02] local.INFO: Attendance Successfully  
[2022-10-13 19:24:02] local.INFO: Attendance Successfully  
[2022-10-13 19:24:02] local.INFO: Attendance Successfully  
[2022-10-13 19:24:02] local.INFO: Attendance Successfully  
[2022-10-13 19:24:02] local.INFO: Attendance Successfully  
[2022-10-13 19:24:02] local.INFO: Attendance Successfully  
[2022-10-13 19:24:02] local.INFO: Attendance Successfully  
[2022-10-13 19:24:02] local.INFO: Attendance Successfully  
[2022-10-13 19:24:02] local.INFO: Attendance Successfully  
[2022-10-13 19:24:02] local.INFO: Attendance Successfully  
[2022-10-13 19:24:02] local.INFO: Attendance Successfully  
[2022-10-13 19:24:02] local.INFO: Attendance Successfully  
[2022-10-13 19:24:02] local.INFO: Attendance Successfully  
[2022-10-13 19:24:02] local.INFO: Attendance Successfully  
[2022-10-13 19:24:02] local.INFO: Attendance Successfully  
[2022-10-13 19:24:02] local.INFO: Attendance Successfully  
[2022-10-13 19:24:02] local.INFO: Attendance Successfully  
[2022-10-13 19:24:02] local.INFO: Attendance Successfully  
[2022-10-13 19:24:02] local.INFO: Attendance Successfully  
[2022-10-13 19:24:02] local.INFO: Attendance Successfully  
[2022-10-13 19:24:02] local.INFO: Attendance Successfully  
[2022-10-13 19:24:02] local.INFO: Attendance Successfully  
[2022-10-13 19:24:02] local.INFO: Attendance Successfully  
[2022-10-13 19:24:02] local.INFO: Attendance Successfully  
[2022-10-13 19:24:02] local.INFO: Attendance Successfully  
[2022-10-13 19:24:02] local.INFO: Attendance Successfully  
[2022-10-13 19:24:02] local.INFO: Attendance Successfully  
[2022-10-13 19:24:02] local.INFO: Attendance Successfully  
[2022-10-13 19:24:02] local.INFO: Attendance Successfully  
[2022-10-13 19:24:02] local.INFO: Attendance Successfully  
[2022-10-13 19:24:02] local.INFO: Attendance Successfully  
[2022-10-13 19:24:02] local.INFO: Attendance Successfully  
[2022-10-13 19:24:02] local.INFO: Attendance Successfully  
[2022-10-13 19:24:02] local.INFO: Attendance Successfully  
[2022-10-13 19:24:02] local.INFO: Attendance Successfully  
[2022-10-13 19:24:02] local.INFO: Attendance Successfully  
[2022-10-13 19:24:02] local.INFO: Attendance Successfully  
[2022-10-13 19:24:02] local.INFO: Attendance Successfully  
[2022-10-13 19:24:02] local.INFO: Attendance Successfully  
[2022-10-13 19:24:02] local.INFO: Attendance Successfully  
[2022-10-13 19:24:02] local.INFO: Attendance Successfully  
[2022-10-13 19:24:02] local.INFO: Attendance Successfully  
[2022-10-13 19:24:02] local.INFO: Attendance Successfully  
[2022-10-13 19:24:02] local.INFO: Attendance Successfully  
[2022-10-13 19:24:02] local.INFO: Attendance Successfully  
[2022-10-13 19:24:02] local.INFO: Attendance Successfully  
[2022-10-13 19:24:02] local.INFO: Attendance Successfully  
[2022-10-13 19:24:02] local.INFO: Attendance Successfully  
[2022-10-13 19:24:02] local.INFO: Attendance Successfully  
[2022-10-13 19:24:02] local.INFO: Attendance Successfully  
[2022-10-13 19:24:02] local.INFO: Attendance Successfully  
[2022-10-13 19:24:02] local.INFO: Attendance Successfully  
[2022-10-13 19:24:02] local.INFO: Attendance Successfully  
[2022-10-13 19:24:02] local.INFO: Attendance Successfully  
[2022-10-13 19:24:02] local.INFO: Attendance Successfully  
[2022-10-13 19:24:02] local.INFO: Attendance Successfully  
[2022-10-13 19:24:02] local.INFO: Attendance Successfully  
[2022-10-13 19:24:02] local.INFO: Attendance Successfully  
[2022-10-13 19:24:02] local.INFO: Attendance Successfully  
[2022-10-13 19:24:02] local.INFO: Attendance Successfully  
[2022-10-13 19:24:02] local.INFO: Attendance Successfully  
[2022-10-13 19:24:02] local.INFO: Attendance Successfully  
[2022-10-13 19:24:02] local.INFO: Attendance Successfully  
[2022-10-13 19:24:02] local.INFO: Attendance Successfully  
[2022-10-13 19:24:02] local.INFO: Attendance Successfully  
[2022-10-13 19:24:02] local.INFO: Attendance Successfully  
[2022-10-13 19:24:02] local.INFO: Attendance Successfully  
[2022-10-13 19:24:02] local.INFO: Attendance Successfully  
[2022-10-13 19:24:02] local.INFO: Attendance Successfully  
[2022-10-13 19:24:02] local.INFO: Attendance Successfully  
[2022-10-13 19:24:02] local.INFO: Attendance Successfully  
[2022-10-13 19:24:02] local.INFO: Attendance Successfully  
[2022-10-13 19:24:02] local.INFO: Attendance Successfully  
[2022-10-13 19:24:02] local.INFO: Attendance Successfully  
[2022-10-13 19:24:02] local.INFO: Attendance Successfully  
[2022-10-13 19:24:02] local.INFO: Attendance Successfully  
[2022-10-13 19:24:02] local.INFO: Attendance Successfully  
[2022-10-13 19:24:02] local.INFO: Attendance Successfully  
[2022-10-13 19:24:02] local.INFO: Attendance Successfully  
[2022-10-13 19:24:02] local.INFO: Attendance Successfully  
[2022-10-13 19:24:02] local.INFO: Attendance Successfully  
[2022-10-13 19:24:02] local.INFO: Attendance Successfully  
[2022-10-13 19:24:02] local.INFO: Attendance Successfully  
[2022-10-13 19:24:02] local.INFO: Attendance Successfully  
[2022-10-13 19:24:51] local.ERROR: Cannot redeclare getEmployeeAcordigToDesignation() (previously declared in C:\xampp\htdocs\rgms\app\helpers.php:37) {"exception":"[object] (Symfony\\Component\\ErrorHandler\\Error\\FatalError(code: 0): Cannot redeclare getEmployeeAcordigToDesignation() (previously declared in C:\\xampp\\htdocs\gms\\app\\helpers.php:37) at C:\\xampp\\htdocs\gms\\app\\helpers.php:37)
[stacktrace]
#0 {main}
"} 
[2022-10-13 19:25:02] local.INFO: Attendance Successfully  
[2022-10-13 19:25:02] local.INFO: Attendance Successfully  
[2022-10-13 19:25:02] local.INFO: Attendance Successfully  
[2022-10-13 19:25:02] local.INFO: Attendance Successfully  
[2022-10-13 19:25:02] local.INFO: Attendance Successfully  
[2022-10-13 19:25:02] local.INFO: Attendance Successfully  
[2022-10-13 19:25:02] local.INFO: Attendance Successfully  
[2022-10-13 19:25:02] local.INFO: Attendance Successfully  
[2022-10-13 19:25:02] local.INFO: Attendance Successfully  
[2022-10-13 19:25:02] local.INFO: Attendance Successfully  
[2022-10-13 19:25:02] local.INFO: Attendance Successfully  
[2022-10-13 19:25:02] local.INFO: Attendance Successfully  
[2022-10-13 19:25:02] local.INFO: Attendance Successfully  
[2022-10-13 19:25:02] local.INFO: Attendance Successfully  
[2022-10-13 19:25:02] local.INFO: Attendance Successfully  
[2022-10-13 19:25:02] local.INFO: Attendance Successfully  
[2022-10-13 19:25:02] local.INFO: Attendance Successfully  
[2022-10-13 19:25:02] local.INFO: Attendance Successfully  
[2022-10-13 19:25:02] local.INFO: Attendance Successfully  
[2022-10-13 19:25:02] local.INFO: Attendance Successfully  
[2022-10-13 19:25:02] local.INFO: Attendance Successfully  
[2022-10-13 19:25:02] local.INFO: Attendance Successfully  
[2022-10-13 19:25:02] local.INFO: Attendance Successfully  
[2022-10-13 19:25:02] local.INFO: Attendance Successfully  
[2022-10-13 19:25:02] local.INFO: Attendance Successfully  
[2022-10-13 19:25:02] local.INFO: Attendance Successfully  
[2022-10-13 19:25:02] local.INFO: Attendance Successfully  
[2022-10-13 19:25:02] local.INFO: Attendance Successfully  
[2022-10-13 19:25:02] local.INFO: Attendance Successfully  
[2022-10-13 19:25:02] local.INFO: Attendance Successfully  
[2022-10-13 19:25:02] local.INFO: Attendance Successfully  
[2022-10-13 19:25:02] local.INFO: Attendance Successfully  
[2022-10-13 19:25:02] local.INFO: Attendance Successfully  
[2022-10-13 19:25:02] local.INFO: Attendance Successfully  
[2022-10-13 19:25:02] local.INFO: Attendance Successfully  
[2022-10-13 19:25:02] local.INFO: Attendance Successfully  
[2022-10-13 19:25:02] local.INFO: Attendance Successfully  
[2022-10-13 19:25:02] local.INFO: Attendance Successfully  
[2022-10-13 19:25:02] local.INFO: Attendance Successfully  
[2022-10-13 19:25:02] local.INFO: Attendance Successfully  
[2022-10-13 19:25:02] local.INFO: Attendance Successfully  
[2022-10-13 19:25:02] local.INFO: Attendance Successfully  
[2022-10-13 19:25:02] local.INFO: Attendance Successfully  
[2022-10-13 19:25:02] local.INFO: Attendance Successfully  
[2022-10-13 19:25:02] local.INFO: Attendance Successfully  
[2022-10-13 19:25:02] local.INFO: Attendance Successfully  
[2022-10-13 19:25:02] local.INFO: Attendance Successfully  
[2022-10-13 19:25:02] local.INFO: Attendance Successfully  
[2022-10-13 19:25:02] local.INFO: Attendance Successfully  
[2022-10-13 19:25:02] local.INFO: Attendance Successfully  
[2022-10-13 19:25:02] local.INFO: Attendance Successfully  
[2022-10-13 19:25:02] local.INFO: Attendance Successfully  
[2022-10-13 19:25:02] local.INFO: Attendance Successfully  
[2022-10-13 19:25:02] local.INFO: Attendance Successfully  
[2022-10-13 19:25:02] local.INFO: Attendance Successfully  
[2022-10-13 19:25:02] local.INFO: Attendance Successfully  
[2022-10-13 19:25:02] local.INFO: Attendance Successfully  
[2022-10-13 19:25:02] local.INFO: Attendance Successfully  
[2022-10-13 19:25:02] local.INFO: Attendance Successfully  
[2022-10-13 19:25:02] local.INFO: Attendance Successfully  
[2022-10-13 19:25:02] local.INFO: Attendance Successfully  
[2022-10-13 19:25:02] local.INFO: Attendance Successfully  
[2022-10-13 19:25:02] local.INFO: Attendance Successfully  
[2022-10-13 19:25:02] local.INFO: Attendance Successfully  
[2022-10-13 19:25:02] local.INFO: Attendance Successfully  
[2022-10-13 19:25:02] local.INFO: Attendance Successfully  
[2022-10-13 19:25:02] local.INFO: Attendance Successfully  
[2022-10-13 19:25:02] local.INFO: Attendance Successfully  
[2022-10-13 19:25:02] local.INFO: Attendance Successfully  
[2022-10-13 19:25:02] local.INFO: Attendance Successfully  
[2022-10-13 19:25:02] local.INFO: Attendance Successfully  
[2022-10-13 19:25:02] local.INFO: Attendance Successfully  
[2022-10-13 19:25:02] local.INFO: Attendance Successfully  
[2022-10-13 19:25:02] local.INFO: Attendance Successfully  
[2022-10-13 19:25:02] local.INFO: Attendance Successfully  
[2022-10-13 19:25:02] local.INFO: Attendance Successfully  
[2022-10-13 19:25:02] local.INFO: Attendance Successfully  
[2022-10-13 19:25:02] local.INFO: Attendance Successfully  
[2022-10-13 19:25:02] local.INFO: Attendance Successfully  
[2022-10-13 19:25:02] local.INFO: Attendance Successfully  
[2022-10-13 19:25:02] local.INFO: Attendance Successfully  
[2022-10-13 19:25:02] local.INFO: Attendance Successfully  
[2022-10-13 19:25:02] local.INFO: Attendance Successfully  
[2022-10-13 19:25:02] local.INFO: Attendance Successfully  
[2022-10-13 19:25:02] local.INFO: Attendance Successfully  
[2022-10-13 19:25:02] local.INFO: Attendance Successfully  
[2022-10-13 19:25:02] local.INFO: Attendance Successfully  
[2022-10-13 19:25:02] local.INFO: Attendance Successfully  
[2022-10-13 19:25:51] local.ERROR: Cannot redeclare getEmployeeAcordigToDesignation() (previously declared in C:\xampp\htdocs\rgms\app\helpers.php:37) {"exception":"[object] (Symfony\\Component\\ErrorHandler\\Error\\FatalError(code: 0): Cannot redeclare getEmployeeAcordigToDesignation() (previously declared in C:\\xampp\\htdocs\gms\\app\\helpers.php:37) at C:\\xampp\\htdocs\gms\\app\\helpers.php:37)
[stacktrace]
#0 {main}
"} 
[2022-10-13 19:26:02] local.INFO: Attendance Successfully  
[2022-10-13 19:26:02] local.INFO: Attendance Successfully  
[2022-10-13 19:26:02] local.INFO: Attendance Successfully  
[2022-10-13 19:26:02] local.INFO: Attendance Successfully  
[2022-10-13 19:26:02] local.INFO: Attendance Successfully  
[2022-10-13 19:26:02] local.INFO: Attendance Successfully  
[2022-10-13 19:26:02] local.INFO: Attendance Successfully  
[2022-10-13 19:26:02] local.INFO: Attendance Successfully  
[2022-10-13 19:26:02] local.INFO: Attendance Successfully  
[2022-10-13 19:26:02] local.INFO: Attendance Successfully  
[2022-10-13 19:26:02] local.INFO: Attendance Successfully  
[2022-10-13 19:26:02] local.INFO: Attendance Successfully  
[2022-10-13 19:26:02] local.INFO: Attendance Successfully  
[2022-10-13 19:26:02] local.INFO: Attendance Successfully  
[2022-10-13 19:26:02] local.INFO: Attendance Successfully  
[2022-10-13 19:26:02] local.INFO: Attendance Successfully  
[2022-10-13 19:26:02] local.INFO: Attendance Successfully  
[2022-10-13 19:26:02] local.INFO: Attendance Successfully  
[2022-10-13 19:26:02] local.INFO: Attendance Successfully  
[2022-10-13 19:26:02] local.INFO: Attendance Successfully  
[2022-10-13 19:26:02] local.INFO: Attendance Successfully  
[2022-10-13 19:26:02] local.INFO: Attendance Successfully  
[2022-10-13 19:26:02] local.INFO: Attendance Successfully  
[2022-10-13 19:26:02] local.INFO: Attendance Successfully  
[2022-10-13 19:26:02] local.INFO: Attendance Successfully  
[2022-10-13 19:26:02] local.INFO: Attendance Successfully  
[2022-10-13 19:26:02] local.INFO: Attendance Successfully  
[2022-10-13 19:26:02] local.INFO: Attendance Successfully  
[2022-10-13 19:26:02] local.INFO: Attendance Successfully  
[2022-10-13 19:26:02] local.INFO: Attendance Successfully  
[2022-10-13 19:26:02] local.INFO: Attendance Successfully  
[2022-10-13 19:26:02] local.INFO: Attendance Successfully  
[2022-10-13 19:26:02] local.INFO: Attendance Successfully  
[2022-10-13 19:26:02] local.INFO: Attendance Successfully  
[2022-10-13 19:26:02] local.INFO: Attendance Successfully  
[2022-10-13 19:26:02] local.INFO: Attendance Successfully  
[2022-10-13 19:26:02] local.INFO: Attendance Successfully  
[2022-10-13 19:26:02] local.INFO: Attendance Successfully  
[2022-10-13 19:26:02] local.INFO: Attendance Successfully  
[2022-10-13 19:26:02] local.INFO: Attendance Successfully  
[2022-10-13 19:26:02] local.INFO: Attendance Successfully  
[2022-10-13 19:26:02] local.INFO: Attendance Successfully  
[2022-10-13 19:26:02] local.INFO: Attendance Successfully  
[2022-10-13 19:26:02] local.INFO: Attendance Successfully  
[2022-10-13 19:26:02] local.INFO: Attendance Successfully  
[2022-10-13 19:26:02] local.INFO: Attendance Successfully  
[2022-10-13 19:26:02] local.INFO: Attendance Successfully  
[2022-10-13 19:26:02] local.INFO: Attendance Successfully  
[2022-10-13 19:26:02] local.INFO: Attendance Successfully  
[2022-10-13 19:26:02] local.INFO: Attendance Successfully  
[2022-10-13 19:26:02] local.INFO: Attendance Successfully  
[2022-10-13 19:26:02] local.INFO: Attendance Successfully  
[2022-10-13 19:26:02] local.INFO: Attendance Successfully  
[2022-10-13 19:26:02] local.INFO: Attendance Successfully  
[2022-10-13 19:26:02] local.INFO: Attendance Successfully  
[2022-10-13 19:26:02] local.INFO: Attendance Successfully  
[2022-10-13 19:26:02] local.INFO: Attendance Successfully  
[2022-10-13 19:26:03] local.INFO: Attendance Successfully  
[2022-10-13 19:26:03] local.INFO: Attendance Successfully  
[2022-10-13 19:26:03] local.INFO: Attendance Successfully  
[2022-10-13 19:26:03] local.INFO: Attendance Successfully  
[2022-10-13 19:26:03] local.INFO: Attendance Successfully  
[2022-10-13 19:26:03] local.INFO: Attendance Successfully  
[2022-10-13 19:26:03] local.INFO: Attendance Successfully  
[2022-10-13 19:26:03] local.INFO: Attendance Successfully  
[2022-10-13 19:26:03] local.INFO: Attendance Successfully  
[2022-10-13 19:26:03] local.INFO: Attendance Successfully  
[2022-10-13 19:26:03] local.INFO: Attendance Successfully  
[2022-10-13 19:26:03] local.INFO: Attendance Successfully  
[2022-10-13 19:26:03] local.INFO: Attendance Successfully  
[2022-10-13 19:26:03] local.INFO: Attendance Successfully  
[2022-10-13 19:26:03] local.INFO: Attendance Successfully  
[2022-10-13 19:26:03] local.INFO: Attendance Successfully  
[2022-10-13 19:26:03] local.INFO: Attendance Successfully  
[2022-10-13 19:26:03] local.INFO: Attendance Successfully  
[2022-10-13 19:26:03] local.INFO: Attendance Successfully  
[2022-10-13 19:26:03] local.INFO: Attendance Successfully  
[2022-10-13 19:26:03] local.INFO: Attendance Successfully  
[2022-10-13 19:26:03] local.INFO: Attendance Successfully  
[2022-10-13 19:26:03] local.INFO: Attendance Successfully  
[2022-10-13 19:26:03] local.INFO: Attendance Successfully  
[2022-10-13 19:26:03] local.INFO: Attendance Successfully  
[2022-10-13 19:26:03] local.INFO: Attendance Successfully  
[2022-10-13 19:26:03] local.INFO: Attendance Successfully  
[2022-10-13 19:26:03] local.INFO: Attendance Successfully  
[2022-10-13 19:26:03] local.INFO: Attendance Successfully  
[2022-10-13 19:26:03] local.INFO: Attendance Successfully  
[2022-10-13 19:26:03] local.INFO: Attendance Successfully  
[2022-10-13 19:26:50] local.ERROR: Cannot redeclare getEmployeeAcordigToDesignation() (previously declared in C:\xampp\htdocs\rgms\app\helpers.php:37) {"exception":"[object] (Symfony\\Component\\ErrorHandler\\Error\\FatalError(code: 0): Cannot redeclare getEmployeeAcordigToDesignation() (previously declared in C:\\xampp\\htdocs\gms\\app\\helpers.php:37) at C:\\xampp\\htdocs\gms\\app\\helpers.php:37)
[stacktrace]
#0 {main}
"} 
[2022-10-13 19:27:02] local.INFO: Attendance Successfully  
[2022-10-13 19:27:02] local.INFO: Attendance Successfully  
[2022-10-13 19:27:02] local.INFO: Attendance Successfully  
[2022-10-13 19:27:02] local.INFO: Attendance Successfully  
[2022-10-13 19:27:02] local.INFO: Attendance Successfully  
[2022-10-13 19:27:02] local.INFO: Attendance Successfully  
[2022-10-13 19:27:02] local.INFO: Attendance Successfully  
[2022-10-13 19:27:02] local.INFO: Attendance Successfully  
[2022-10-13 19:27:02] local.INFO: Attendance Successfully  
[2022-10-13 19:27:02] local.INFO: Attendance Successfully  
[2022-10-13 19:27:02] local.INFO: Attendance Successfully  
[2022-10-13 19:27:02] local.INFO: Attendance Successfully  
[2022-10-13 19:27:02] local.INFO: Attendance Successfully  
[2022-10-13 19:27:02] local.INFO: Attendance Successfully  
[2022-10-13 19:27:02] local.INFO: Attendance Successfully  
[2022-10-13 19:27:02] local.INFO: Attendance Successfully  
[2022-10-13 19:27:02] local.INFO: Attendance Successfully  
[2022-10-13 19:27:02] local.INFO: Attendance Successfully  
[2022-10-13 19:27:02] local.INFO: Attendance Successfully  
[2022-10-13 19:27:02] local.INFO: Attendance Successfully  
[2022-10-13 19:27:02] local.INFO: Attendance Successfully  
[2022-10-13 19:27:02] local.INFO: Attendance Successfully  
[2022-10-13 19:27:02] local.INFO: Attendance Successfully  
[2022-10-13 19:27:02] local.INFO: Attendance Successfully  
[2022-10-13 19:27:02] local.INFO: Attendance Successfully  
[2022-10-13 19:27:02] local.INFO: Attendance Successfully  
[2022-10-13 19:27:02] local.INFO: Attendance Successfully  
[2022-10-13 19:27:02] local.INFO: Attendance Successfully  
[2022-10-13 19:27:02] local.INFO: Attendance Successfully  
[2022-10-13 19:27:02] local.INFO: Attendance Successfully  
[2022-10-13 19:27:02] local.INFO: Attendance Successfully  
[2022-10-13 19:27:02] local.INFO: Attendance Successfully  
[2022-10-13 19:27:02] local.INFO: Attendance Successfully  
[2022-10-13 19:27:02] local.INFO: Attendance Successfully  
[2022-10-13 19:27:02] local.INFO: Attendance Successfully  
[2022-10-13 19:27:02] local.INFO: Attendance Successfully  
[2022-10-13 19:27:02] local.INFO: Attendance Successfully  
[2022-10-13 19:27:02] local.INFO: Attendance Successfully  
[2022-10-13 19:27:02] local.INFO: Attendance Successfully  
[2022-10-13 19:27:02] local.INFO: Attendance Successfully  
[2022-10-13 19:27:02] local.INFO: Attendance Successfully  
[2022-10-13 19:27:02] local.INFO: Attendance Successfully  
[2022-10-13 19:27:02] local.INFO: Attendance Successfully  
[2022-10-13 19:27:02] local.INFO: Attendance Successfully  
[2022-10-13 19:27:02] local.INFO: Attendance Successfully  
[2022-10-13 19:27:02] local.INFO: Attendance Successfully  
[2022-10-13 19:27:02] local.INFO: Attendance Successfully  
[2022-10-13 19:27:02] local.INFO: Attendance Successfully  
[2022-10-13 19:27:02] local.INFO: Attendance Successfully  
[2022-10-13 19:27:02] local.INFO: Attendance Successfully  
[2022-10-13 19:27:02] local.INFO: Attendance Successfully  
[2022-10-13 19:27:02] local.INFO: Attendance Successfully  
[2022-10-13 19:27:02] local.INFO: Attendance Successfully  
[2022-10-13 19:27:02] local.INFO: Attendance Successfully  
[2022-10-13 19:27:02] local.INFO: Attendance Successfully  
[2022-10-13 19:27:02] local.INFO: Attendance Successfully  
[2022-10-13 19:27:02] local.INFO: Attendance Successfully  
[2022-10-13 19:27:02] local.INFO: Attendance Successfully  
[2022-10-13 19:27:02] local.INFO: Attendance Successfully  
[2022-10-13 19:27:02] local.INFO: Attendance Successfully  
[2022-10-13 19:27:02] local.INFO: Attendance Successfully  
[2022-10-13 19:27:02] local.INFO: Attendance Successfully  
[2022-10-13 19:27:02] local.INFO: Attendance Successfully  
[2022-10-13 19:27:02] local.INFO: Attendance Successfully  
[2022-10-13 19:27:02] local.INFO: Attendance Successfully  
[2022-10-13 19:27:02] local.INFO: Attendance Successfully  
[2022-10-13 19:27:02] local.INFO: Attendance Successfully  
[2022-10-13 19:27:02] local.INFO: Attendance Successfully  
[2022-10-13 19:27:02] local.INFO: Attendance Successfully  
[2022-10-13 19:27:02] local.INFO: Attendance Successfully  
[2022-10-13 19:27:02] local.INFO: Attendance Successfully  
[2022-10-13 19:27:02] local.INFO: Attendance Successfully  
[2022-10-13 19:27:02] local.INFO: Attendance Successfully  
[2022-10-13 19:27:02] local.INFO: Attendance Successfully  
[2022-10-13 19:27:02] local.INFO: Attendance Successfully  
[2022-10-13 19:27:02] local.INFO: Attendance Successfully  
[2022-10-13 19:27:03] local.INFO: Attendance Successfully  
[2022-10-13 19:27:03] local.INFO: Attendance Successfully  
[2022-10-13 19:27:03] local.INFO: Attendance Successfully  
[2022-10-13 19:27:03] local.INFO: Attendance Successfully  
[2022-10-13 19:27:03] local.INFO: Attendance Successfully  
[2022-10-13 19:27:03] local.INFO: Attendance Successfully  
[2022-10-13 19:27:03] local.INFO: Attendance Successfully  
[2022-10-13 19:27:03] local.INFO: Attendance Successfully  
[2022-10-13 19:27:03] local.INFO: Attendance Successfully  
[2022-10-13 19:27:03] local.INFO: Attendance Successfully  
[2022-10-13 19:27:03] local.INFO: Attendance Successfully  
[2022-10-13 19:27:03] local.INFO: Attendance Successfully  
[2022-10-13 19:27:52] local.ERROR: Cannot redeclare getEmployeeAcordigToDesignation() (previously declared in C:\xampp\htdocs\rgms\app\helpers.php:37) {"exception":"[object] (Symfony\\Component\\ErrorHandler\\Error\\FatalError(code: 0): Cannot redeclare getEmployeeAcordigToDesignation() (previously declared in C:\\xampp\\htdocs\gms\\app\\helpers.php:37) at C:\\xampp\\htdocs\gms\\app\\helpers.php:37)
[stacktrace]
#0 {main}
"} 
[2022-10-13 19:28:02] local.INFO: Attendance Successfully  
[2022-10-13 19:28:02] local.INFO: Attendance Successfully  
[2022-10-13 19:28:02] local.INFO: Attendance Successfully  
[2022-10-13 19:28:02] local.INFO: Attendance Successfully  
[2022-10-13 19:28:02] local.INFO: Attendance Successfully  
[2022-10-13 19:28:02] local.INFO: Attendance Successfully  
[2022-10-13 19:28:02] local.INFO: Attendance Successfully  
[2022-10-13 19:28:02] local.INFO: Attendance Successfully  
[2022-10-13 19:28:02] local.INFO: Attendance Successfully  
[2022-10-13 19:28:02] local.INFO: Attendance Successfully  
[2022-10-13 19:28:02] local.INFO: Attendance Successfully  
[2022-10-13 19:28:02] local.INFO: Attendance Successfully  
[2022-10-13 19:28:02] local.INFO: Attendance Successfully  
[2022-10-13 19:28:02] local.INFO: Attendance Successfully  
[2022-10-13 19:28:02] local.INFO: Attendance Successfully  
[2022-10-13 19:28:02] local.INFO: Attendance Successfully  
[2022-10-13 19:28:02] local.INFO: Attendance Successfully  
[2022-10-13 19:28:02] local.INFO: Attendance Successfully  
[2022-10-13 19:28:02] local.INFO: Attendance Successfully  
[2022-10-13 19:28:02] local.INFO: Attendance Successfully  
[2022-10-13 19:28:02] local.INFO: Attendance Successfully  
[2022-10-13 19:28:02] local.INFO: Attendance Successfully  
[2022-10-13 19:28:02] local.INFO: Attendance Successfully  
[2022-10-13 19:28:02] local.INFO: Attendance Successfully  
[2022-10-13 19:28:02] local.INFO: Attendance Successfully  
[2022-10-13 19:28:02] local.INFO: Attendance Successfully  
[2022-10-13 19:28:02] local.INFO: Attendance Successfully  
[2022-10-13 19:28:02] local.INFO: Attendance Successfully  
[2022-10-13 19:28:02] local.INFO: Attendance Successfully  
[2022-10-13 19:28:02] local.INFO: Attendance Successfully  
[2022-10-13 19:28:02] local.INFO: Attendance Successfully  
[2022-10-13 19:28:02] local.INFO: Attendance Successfully  
[2022-10-13 19:28:02] local.INFO: Attendance Successfully  
[2022-10-13 19:28:02] local.INFO: Attendance Successfully  
[2022-10-13 19:28:02] local.INFO: Attendance Successfully  
[2022-10-13 19:28:02] local.INFO: Attendance Successfully  
[2022-10-13 19:28:02] local.INFO: Attendance Successfully  
[2022-10-13 19:28:02] local.INFO: Attendance Successfully  
[2022-10-13 19:28:02] local.INFO: Attendance Successfully  
[2022-10-13 19:28:02] local.INFO: Attendance Successfully  
[2022-10-13 19:28:02] local.INFO: Attendance Successfully  
[2022-10-13 19:28:02] local.INFO: Attendance Successfully  
[2022-10-13 19:28:02] local.INFO: Attendance Successfully  
[2022-10-13 19:28:02] local.INFO: Attendance Successfully  
[2022-10-13 19:28:02] local.INFO: Attendance Successfully  
[2022-10-13 19:28:02] local.INFO: Attendance Successfully  
[2022-10-13 19:28:02] local.INFO: Attendance Successfully  
[2022-10-13 19:28:02] local.INFO: Attendance Successfully  
[2022-10-13 19:28:02] local.INFO: Attendance Successfully  
[2022-10-13 19:28:02] local.INFO: Attendance Successfully  
[2022-10-13 19:28:02] local.INFO: Attendance Successfully  
[2022-10-13 19:28:02] local.INFO: Attendance Successfully  
[2022-10-13 19:28:02] local.INFO: Attendance Successfully  
[2022-10-13 19:28:02] local.INFO: Attendance Successfully  
[2022-10-13 19:28:02] local.INFO: Attendance Successfully  
[2022-10-13 19:28:02] local.INFO: Attendance Successfully  
[2022-10-13 19:28:02] local.INFO: Attendance Successfully  
[2022-10-13 19:28:02] local.INFO: Attendance Successfully  
[2022-10-13 19:28:02] local.INFO: Attendance Successfully  
[2022-10-13 19:28:02] local.INFO: Attendance Successfully  
[2022-10-13 19:28:02] local.INFO: Attendance Successfully  
[2022-10-13 19:28:02] local.INFO: Attendance Successfully  
[2022-10-13 19:28:02] local.INFO: Attendance Successfully  
[2022-10-13 19:28:02] local.INFO: Attendance Successfully  
[2022-10-13 19:28:02] local.INFO: Attendance Successfully  
[2022-10-13 19:28:02] local.INFO: Attendance Successfully  
[2022-10-13 19:28:03] local.INFO: Attendance Successfully  
[2022-10-13 19:28:03] local.INFO: Attendance Successfully  
[2022-10-13 19:28:03] local.INFO: Attendance Successfully  
[2022-10-13 19:28:03] local.INFO: Attendance Successfully  
[2022-10-13 19:28:03] local.INFO: Attendance Successfully  
[2022-10-13 19:28:03] local.INFO: Attendance Successfully  
[2022-10-13 19:28:03] local.INFO: Attendance Successfully  
[2022-10-13 19:28:03] local.INFO: Attendance Successfully  
[2022-10-13 19:28:03] local.INFO: Attendance Successfully  
[2022-10-13 19:28:03] local.INFO: Attendance Successfully  
[2022-10-13 19:28:03] local.INFO: Attendance Successfully  
[2022-10-13 19:28:03] local.INFO: Attendance Successfully  
[2022-10-13 19:28:03] local.INFO: Attendance Successfully  
[2022-10-13 19:28:03] local.INFO: Attendance Successfully  
[2022-10-13 19:28:03] local.INFO: Attendance Successfully  
[2022-10-13 19:28:03] local.INFO: Attendance Successfully  
[2022-10-13 19:28:03] local.INFO: Attendance Successfully  
[2022-10-13 19:28:03] local.INFO: Attendance Successfully  
[2022-10-13 19:28:03] local.INFO: Attendance Successfully  
[2022-10-13 19:28:03] local.INFO: Attendance Successfully  
[2022-10-13 19:28:03] local.INFO: Attendance Successfully  
[2022-10-13 19:28:03] local.INFO: Attendance Successfully  
[2022-10-13 19:28:50] local.ERROR: Cannot redeclare getEmployeeAcordigToDesignation() (previously declared in C:\xampp\htdocs\rgms\app\helpers.php:37) {"exception":"[object] (Symfony\\Component\\ErrorHandler\\Error\\FatalError(code: 0): Cannot redeclare getEmployeeAcordigToDesignation() (previously declared in C:\\xampp\\htdocs\gms\\app\\helpers.php:37) at C:\\xampp\\htdocs\gms\\app\\helpers.php:37)
[stacktrace]
#0 {main}
"} 
[2022-10-13 19:29:02] local.INFO: Attendance Successfully  
[2022-10-13 19:29:02] local.INFO: Attendance Successfully  
[2022-10-13 19:29:02] local.INFO: Attendance Successfully  
[2022-10-13 19:29:02] local.INFO: Attendance Successfully  
[2022-10-13 19:29:02] local.INFO: Attendance Successfully  
[2022-10-13 19:29:02] local.INFO: Attendance Successfully  
[2022-10-13 19:29:02] local.INFO: Attendance Successfully  
[2022-10-13 19:29:02] local.INFO: Attendance Successfully  
[2022-10-13 19:29:02] local.INFO: Attendance Successfully  
[2022-10-13 19:29:02] local.INFO: Attendance Successfully  
[2022-10-13 19:29:02] local.INFO: Attendance Successfully  
[2022-10-13 19:29:02] local.INFO: Attendance Successfully  
[2022-10-13 19:29:02] local.INFO: Attendance Successfully  
[2022-10-13 19:29:02] local.INFO: Attendance Successfully  
[2022-10-13 19:29:02] local.INFO: Attendance Successfully  
[2022-10-13 19:29:02] local.INFO: Attendance Successfully  
[2022-10-13 19:29:02] local.INFO: Attendance Successfully  
[2022-10-13 19:29:02] local.INFO: Attendance Successfully  
[2022-10-13 19:29:02] local.INFO: Attendance Successfully  
[2022-10-13 19:29:02] local.INFO: Attendance Successfully  
[2022-10-13 19:29:02] local.INFO: Attendance Successfully  
[2022-10-13 19:29:02] local.INFO: Attendance Successfully  
[2022-10-13 19:29:02] local.INFO: Attendance Successfully  
[2022-10-13 19:29:02] local.INFO: Attendance Successfully  
[2022-10-13 19:29:02] local.INFO: Attendance Successfully  
[2022-10-13 19:29:02] local.INFO: Attendance Successfully  
[2022-10-13 19:29:02] local.INFO: Attendance Successfully  
[2022-10-13 19:29:02] local.INFO: Attendance Successfully  
[2022-10-13 19:29:02] local.INFO: Attendance Successfully  
[2022-10-13 19:29:02] local.INFO: Attendance Successfully  
[2022-10-13 19:29:02] local.INFO: Attendance Successfully  
[2022-10-13 19:29:02] local.INFO: Attendance Successfully  
[2022-10-13 19:29:02] local.INFO: Attendance Successfully  
[2022-10-13 19:29:02] local.INFO: Attendance Successfully  
[2022-10-13 19:29:02] local.INFO: Attendance Successfully  
[2022-10-13 19:29:02] local.INFO: Attendance Successfully  
[2022-10-13 19:29:02] local.INFO: Attendance Successfully  
[2022-10-13 19:29:02] local.INFO: Attendance Successfully  
[2022-10-13 19:29:02] local.INFO: Attendance Successfully  
[2022-10-13 19:29:02] local.INFO: Attendance Successfully  
[2022-10-13 19:29:02] local.INFO: Attendance Successfully  
[2022-10-13 19:29:02] local.INFO: Attendance Successfully  
[2022-10-13 19:29:02] local.INFO: Attendance Successfully  
[2022-10-13 19:29:02] local.INFO: Attendance Successfully  
[2022-10-13 19:29:02] local.INFO: Attendance Successfully  
[2022-10-13 19:29:02] local.INFO: Attendance Successfully  
[2022-10-13 19:29:02] local.INFO: Attendance Successfully  
[2022-10-13 19:29:02] local.INFO: Attendance Successfully  
[2022-10-13 19:29:02] local.INFO: Attendance Successfully  
[2022-10-13 19:29:02] local.INFO: Attendance Successfully  
[2022-10-13 19:29:02] local.INFO: Attendance Successfully  
[2022-10-13 19:29:02] local.INFO: Attendance Successfully  
[2022-10-13 19:29:02] local.INFO: Attendance Successfully  
[2022-10-13 19:29:02] local.INFO: Attendance Successfully  
[2022-10-13 19:29:02] local.INFO: Attendance Successfully  
[2022-10-13 19:29:02] local.INFO: Attendance Successfully  
[2022-10-13 19:29:02] local.INFO: Attendance Successfully  
[2022-10-13 19:29:02] local.INFO: Attendance Successfully  
[2022-10-13 19:29:02] local.INFO: Attendance Successfully  
[2022-10-13 19:29:02] local.INFO: Attendance Successfully  
[2022-10-13 19:29:02] local.INFO: Attendance Successfully  
[2022-10-13 19:29:02] local.INFO: Attendance Successfully  
[2022-10-13 19:29:02] local.INFO: Attendance Successfully  
[2022-10-13 19:29:02] local.INFO: Attendance Successfully  
[2022-10-13 19:29:02] local.INFO: Attendance Successfully  
[2022-10-13 19:29:02] local.INFO: Attendance Successfully  
[2022-10-13 19:29:02] local.INFO: Attendance Successfully  
[2022-10-13 19:29:02] local.INFO: Attendance Successfully  
[2022-10-13 19:29:02] local.INFO: Attendance Successfully  
[2022-10-13 19:29:02] local.INFO: Attendance Successfully  
[2022-10-13 19:29:03] local.INFO: Attendance Successfully  
[2022-10-13 19:29:03] local.INFO: Attendance Successfully  
[2022-10-13 19:29:03] local.INFO: Attendance Successfully  
[2022-10-13 19:29:03] local.INFO: Attendance Successfully  
[2022-10-13 19:29:03] local.INFO: Attendance Successfully  
[2022-10-13 19:29:03] local.INFO: Attendance Successfully  
[2022-10-13 19:29:03] local.INFO: Attendance Successfully  
[2022-10-13 19:29:03] local.INFO: Attendance Successfully  
[2022-10-13 19:29:03] local.INFO: Attendance Successfully  
[2022-10-13 19:29:03] local.INFO: Attendance Successfully  
[2022-10-13 19:29:03] local.INFO: Attendance Successfully  
[2022-10-13 19:29:03] local.INFO: Attendance Successfully  
[2022-10-13 19:29:03] local.INFO: Attendance Successfully  
[2022-10-13 19:29:03] local.INFO: Attendance Successfully  
[2022-10-13 19:29:03] local.INFO: Attendance Successfully  
[2022-10-13 19:29:03] local.INFO: Attendance Successfully  
[2022-10-13 19:29:03] local.INFO: Attendance Successfully  
[2022-10-13 19:29:03] local.INFO: Attendance Successfully  
[2022-10-13 19:29:51] local.ERROR: Cannot redeclare getEmployeeAcordigToDesignation() (previously declared in C:\xampp\htdocs\rgms\app\helpers.php:37) {"exception":"[object] (Symfony\\Component\\ErrorHandler\\Error\\FatalError(code: 0): Cannot redeclare getEmployeeAcordigToDesignation() (previously declared in C:\\xampp\\htdocs\gms\\app\\helpers.php:37) at C:\\xampp\\htdocs\gms\\app\\helpers.php:37)
[stacktrace]
#0 {main}
"} 
[2022-10-13 19:30:02] local.INFO: Attendance Successfully  
[2022-10-13 19:30:02] local.INFO: Attendance Successfully  
[2022-10-13 19:30:02] local.INFO: Attendance Successfully  
[2022-10-13 19:30:02] local.INFO: Attendance Successfully  
[2022-10-13 19:30:02] local.INFO: Attendance Successfully  
[2022-10-13 19:30:02] local.INFO: Attendance Successfully  
[2022-10-13 19:30:02] local.INFO: Attendance Successfully  
[2022-10-13 19:30:02] local.INFO: Attendance Successfully  
[2022-10-13 19:30:02] local.INFO: Attendance Successfully  
[2022-10-13 19:30:02] local.INFO: Attendance Successfully  
[2022-10-13 19:30:02] local.INFO: Attendance Successfully  
[2022-10-13 19:30:02] local.INFO: Attendance Successfully  
[2022-10-13 19:30:02] local.INFO: Attendance Successfully  
[2022-10-13 19:30:02] local.INFO: Attendance Successfully  
[2022-10-13 19:30:02] local.INFO: Attendance Successfully  
[2022-10-13 19:30:02] local.INFO: Attendance Successfully  
[2022-10-13 19:30:02] local.INFO: Attendance Successfully  
[2022-10-13 19:30:02] local.INFO: Attendance Successfully  
[2022-10-13 19:30:02] local.INFO: Attendance Successfully  
[2022-10-13 19:30:02] local.INFO: Attendance Successfully  
[2022-10-13 19:30:02] local.INFO: Attendance Successfully  
[2022-10-13 19:30:02] local.INFO: Attendance Successfully  
[2022-10-13 19:30:02] local.INFO: Attendance Successfully  
[2022-10-13 19:30:02] local.INFO: Attendance Successfully  
[2022-10-13 19:30:02] local.INFO: Attendance Successfully  
[2022-10-13 19:30:02] local.INFO: Attendance Successfully  
[2022-10-13 19:30:02] local.INFO: Attendance Successfully  
[2022-10-13 19:30:02] local.INFO: Attendance Successfully  
[2022-10-13 19:30:02] local.INFO: Attendance Successfully  
[2022-10-13 19:30:02] local.INFO: Attendance Successfully  
[2022-10-13 19:30:02] local.INFO: Attendance Successfully  
[2022-10-13 19:30:02] local.INFO: Attendance Successfully  
[2022-10-13 19:30:02] local.INFO: Attendance Successfully  
[2022-10-13 19:30:02] local.INFO: Attendance Successfully  
[2022-10-13 19:30:02] local.INFO: Attendance Successfully  
[2022-10-13 19:30:02] local.INFO: Attendance Successfully  
[2022-10-13 19:30:02] local.INFO: Attendance Successfully  
[2022-10-13 19:30:02] local.INFO: Attendance Successfully  
[2022-10-13 19:30:02] local.INFO: Attendance Successfully  
[2022-10-13 19:30:02] local.INFO: Attendance Successfully  
[2022-10-13 19:30:02] local.INFO: Attendance Successfully  
[2022-10-13 19:30:02] local.INFO: Attendance Successfully  
[2022-10-13 19:30:02] local.INFO: Attendance Successfully  
[2022-10-13 19:30:02] local.INFO: Attendance Successfully  
[2022-10-13 19:30:02] local.INFO: Attendance Successfully  
[2022-10-13 19:30:02] local.INFO: Attendance Successfully  
[2022-10-13 19:30:02] local.INFO: Attendance Successfully  
[2022-10-13 19:30:02] local.INFO: Attendance Successfully  
[2022-10-13 19:30:02] local.INFO: Attendance Successfully  
[2022-10-13 19:30:02] local.INFO: Attendance Successfully  
[2022-10-13 19:30:02] local.INFO: Attendance Successfully  
[2022-10-13 19:30:02] local.INFO: Attendance Successfully  
[2022-10-13 19:30:02] local.INFO: Attendance Successfully  
[2022-10-13 19:30:02] local.INFO: Attendance Successfully  
[2022-10-13 19:30:02] local.INFO: Attendance Successfully  
[2022-10-13 19:30:02] local.INFO: Attendance Successfully  
[2022-10-13 19:30:02] local.INFO: Attendance Successfully  
[2022-10-13 19:30:02] local.INFO: Attendance Successfully  
[2022-10-13 19:30:02] local.INFO: Attendance Successfully  
[2022-10-13 19:30:02] local.INFO: Attendance Successfully  
[2022-10-13 19:30:02] local.INFO: Attendance Successfully  
[2022-10-13 19:30:02] local.INFO: Attendance Successfully  
[2022-10-13 19:30:02] local.INFO: Attendance Successfully  
[2022-10-13 19:30:02] local.INFO: Attendance Successfully  
[2022-10-13 19:30:02] local.INFO: Attendance Successfully  
[2022-10-13 19:30:02] local.INFO: Attendance Successfully  
[2022-10-13 19:30:02] local.INFO: Attendance Successfully  
[2022-10-13 19:30:02] local.INFO: Attendance Successfully  
[2022-10-13 19:30:02] local.INFO: Attendance Successfully  
[2022-10-13 19:30:02] local.INFO: Attendance Successfully  
[2022-10-13 19:30:02] local.INFO: Attendance Successfully  
[2022-10-13 19:30:02] local.INFO: Attendance Successfully  
[2022-10-13 19:30:02] local.INFO: Attendance Successfully  
[2022-10-13 19:30:02] local.INFO: Attendance Successfully  
[2022-10-13 19:30:02] local.INFO: Attendance Successfully  
[2022-10-13 19:30:02] local.INFO: Attendance Successfully  
[2022-10-13 19:30:02] local.INFO: Attendance Successfully  
[2022-10-13 19:30:02] local.INFO: Attendance Successfully  
[2022-10-13 19:30:02] local.INFO: Attendance Successfully  
[2022-10-13 19:30:02] local.INFO: Attendance Successfully  
[2022-10-13 19:30:02] local.INFO: Attendance Successfully  
[2022-10-13 19:30:02] local.INFO: Attendance Successfully  
[2022-10-13 19:30:02] local.INFO: Attendance Successfully  
[2022-10-13 19:30:02] local.INFO: Attendance Successfully  
[2022-10-13 19:30:02] local.INFO: Attendance Successfully  
[2022-10-13 19:30:02] local.INFO: Attendance Successfully  
[2022-10-13 19:30:02] local.INFO: Attendance Successfully  
[2022-10-13 19:30:02] local.INFO: Attendance Successfully  
[2022-10-13 19:30:51] local.ERROR: Cannot redeclare getEmployeeAcordigToDesignation() (previously declared in C:\xampp\htdocs\rgms\app\helpers.php:37) {"exception":"[object] (Symfony\\Component\\ErrorHandler\\Error\\FatalError(code: 0): Cannot redeclare getEmployeeAcordigToDesignation() (previously declared in C:\\xampp\\htdocs\gms\\app\\helpers.php:37) at C:\\xampp\\htdocs\gms\\app\\helpers.php:37)
[stacktrace]
#0 {main}
"} 
[2022-10-13 19:31:02] local.INFO: Attendance Successfully  
[2022-10-13 19:31:02] local.INFO: Attendance Successfully  
[2022-10-13 19:31:02] local.INFO: Attendance Successfully  
[2022-10-13 19:31:02] local.INFO: Attendance Successfully  
[2022-10-13 19:31:02] local.INFO: Attendance Successfully  
[2022-10-13 19:31:02] local.INFO: Attendance Successfully  
[2022-10-13 19:31:02] local.INFO: Attendance Successfully  
[2022-10-13 19:31:02] local.INFO: Attendance Successfully  
[2022-10-13 19:31:02] local.INFO: Attendance Successfully  
[2022-10-13 19:31:02] local.INFO: Attendance Successfully  
[2022-10-13 19:31:02] local.INFO: Attendance Successfully  
[2022-10-13 19:31:02] local.INFO: Attendance Successfully  
[2022-10-13 19:31:02] local.INFO: Attendance Successfully  
[2022-10-13 19:31:02] local.INFO: Attendance Successfully  
[2022-10-13 19:31:02] local.INFO: Attendance Successfully  
[2022-10-13 19:31:02] local.INFO: Attendance Successfully  
[2022-10-13 19:31:02] local.INFO: Attendance Successfully  
[2022-10-13 19:31:02] local.INFO: Attendance Successfully  
[2022-10-13 19:31:02] local.INFO: Attendance Successfully  
[2022-10-13 19:31:02] local.INFO: Attendance Successfully  
[2022-10-13 19:31:02] local.INFO: Attendance Successfully  
[2022-10-13 19:31:02] local.INFO: Attendance Successfully  
[2022-10-13 19:31:02] local.INFO: Attendance Successfully  
[2022-10-13 19:31:02] local.INFO: Attendance Successfully  
[2022-10-13 19:31:02] local.INFO: Attendance Successfully  
[2022-10-13 19:31:02] local.INFO: Attendance Successfully  
[2022-10-13 19:31:02] local.INFO: Attendance Successfully  
[2022-10-13 19:31:02] local.INFO: Attendance Successfully  
[2022-10-13 19:31:02] local.INFO: Attendance Successfully  
[2022-10-13 19:31:02] local.INFO: Attendance Successfully  
[2022-10-13 19:31:02] local.INFO: Attendance Successfully  
[2022-10-13 19:31:02] local.INFO: Attendance Successfully  
[2022-10-13 19:31:02] local.INFO: Attendance Successfully  
[2022-10-13 19:31:02] local.INFO: Attendance Successfully  
[2022-10-13 19:31:02] local.INFO: Attendance Successfully  
[2022-10-13 19:31:02] local.INFO: Attendance Successfully  
[2022-10-13 19:31:02] local.INFO: Attendance Successfully  
[2022-10-13 19:31:02] local.INFO: Attendance Successfully  
[2022-10-13 19:31:02] local.INFO: Attendance Successfully  
[2022-10-13 19:31:02] local.INFO: Attendance Successfully  
[2022-10-13 19:31:02] local.INFO: Attendance Successfully  
[2022-10-13 19:31:02] local.INFO: Attendance Successfully  
[2022-10-13 19:31:02] local.INFO: Attendance Successfully  
[2022-10-13 19:31:02] local.INFO: Attendance Successfully  
[2022-10-13 19:31:02] local.INFO: Attendance Successfully  
[2022-10-13 19:31:02] local.INFO: Attendance Successfully  
[2022-10-13 19:31:02] local.INFO: Attendance Successfully  
[2022-10-13 19:31:02] local.INFO: Attendance Successfully  
[2022-10-13 19:31:02] local.INFO: Attendance Successfully  
[2022-10-13 19:31:02] local.INFO: Attendance Successfully  
[2022-10-13 19:31:02] local.INFO: Attendance Successfully  
[2022-10-13 19:31:02] local.INFO: Attendance Successfully  
[2022-10-13 19:31:02] local.INFO: Attendance Successfully  
[2022-10-13 19:31:02] local.INFO: Attendance Successfully  
[2022-10-13 19:31:03] local.INFO: Attendance Successfully  
[2022-10-13 19:31:03] local.INFO: Attendance Successfully  
[2022-10-13 19:31:03] local.INFO: Attendance Successfully  
[2022-10-13 19:31:03] local.INFO: Attendance Successfully  
[2022-10-13 19:31:03] local.INFO: Attendance Successfully  
[2022-10-13 19:31:03] local.INFO: Attendance Successfully  
[2022-10-13 19:31:03] local.INFO: Attendance Successfully  
[2022-10-13 19:31:03] local.INFO: Attendance Successfully  
[2022-10-13 19:31:03] local.INFO: Attendance Successfully  
[2022-10-13 19:31:03] local.INFO: Attendance Successfully  
[2022-10-13 19:31:03] local.INFO: Attendance Successfully  
[2022-10-13 19:31:03] local.INFO: Attendance Successfully  
[2022-10-13 19:31:03] local.INFO: Attendance Successfully  
[2022-10-13 19:31:03] local.INFO: Attendance Successfully  
[2022-10-13 19:31:03] local.INFO: Attendance Successfully  
[2022-10-13 19:31:03] local.INFO: Attendance Successfully  
[2022-10-13 19:31:03] local.INFO: Attendance Successfully  
[2022-10-13 19:31:03] local.INFO: Attendance Successfully  
[2022-10-13 19:31:03] local.INFO: Attendance Successfully  
[2022-10-13 19:31:03] local.INFO: Attendance Successfully  
[2022-10-13 19:31:03] local.INFO: Attendance Successfully  
[2022-10-13 19:31:03] local.INFO: Attendance Successfully  
[2022-10-13 19:31:03] local.INFO: Attendance Successfully  
[2022-10-13 19:31:03] local.INFO: Attendance Successfully  
[2022-10-13 19:31:03] local.INFO: Attendance Successfully  
[2022-10-13 19:31:03] local.INFO: Attendance Successfully  
[2022-10-13 19:31:03] local.INFO: Attendance Successfully  
[2022-10-13 19:31:03] local.INFO: Attendance Successfully  
[2022-10-13 19:31:03] local.INFO: Attendance Successfully  
[2022-10-13 19:31:03] local.INFO: Attendance Successfully  
[2022-10-13 19:31:03] local.INFO: Attendance Successfully  
[2022-10-13 19:31:03] local.INFO: Attendance Successfully  
[2022-10-13 19:31:03] local.INFO: Attendance Successfully  
[2022-10-13 19:31:03] local.INFO: Attendance Successfully  
[2022-10-13 19:31:51] local.ERROR: Cannot redeclare getEmployeeAcordigToDesignation() (previously declared in C:\xampp\htdocs\rgms\app\helpers.php:37) {"exception":"[object] (Symfony\\Component\\ErrorHandler\\Error\\FatalError(code: 0): Cannot redeclare getEmployeeAcordigToDesignation() (previously declared in C:\\xampp\\htdocs\gms\\app\\helpers.php:37) at C:\\xampp\\htdocs\gms\\app\\helpers.php:37)
[stacktrace]
#0 {main}
"} 
[2022-10-13 19:32:02] local.INFO: Attendance Successfully  
[2022-10-13 19:32:02] local.INFO: Attendance Successfully  
[2022-10-13 19:32:02] local.INFO: Attendance Successfully  
[2022-10-13 19:32:02] local.INFO: Attendance Successfully  
[2022-10-13 19:32:02] local.INFO: Attendance Successfully  
[2022-10-13 19:32:02] local.INFO: Attendance Successfully  
[2022-10-13 19:32:02] local.INFO: Attendance Successfully  
[2022-10-13 19:32:02] local.INFO: Attendance Successfully  
[2022-10-13 19:32:02] local.INFO: Attendance Successfully  
[2022-10-13 19:32:02] local.INFO: Attendance Successfully  
[2022-10-13 19:32:02] local.INFO: Attendance Successfully  
[2022-10-13 19:32:02] local.INFO: Attendance Successfully  
[2022-10-13 19:32:02] local.INFO: Attendance Successfully  
[2022-10-13 19:32:02] local.INFO: Attendance Successfully  
[2022-10-13 19:32:02] local.INFO: Attendance Successfully  
[2022-10-13 19:32:02] local.INFO: Attendance Successfully  
[2022-10-13 19:32:02] local.INFO: Attendance Successfully  
[2022-10-13 19:32:02] local.INFO: Attendance Successfully  
[2022-10-13 19:32:02] local.INFO: Attendance Successfully  
[2022-10-13 19:32:02] local.INFO: Attendance Successfully  
[2022-10-13 19:32:02] local.INFO: Attendance Successfully  
[2022-10-13 19:32:02] local.INFO: Attendance Successfully  
[2022-10-13 19:32:02] local.INFO: Attendance Successfully  
[2022-10-13 19:32:02] local.INFO: Attendance Successfully  
[2022-10-13 19:32:02] local.INFO: Attendance Successfully  
[2022-10-13 19:32:02] local.INFO: Attendance Successfully  
[2022-10-13 19:32:02] local.INFO: Attendance Successfully  
[2022-10-13 19:32:02] local.INFO: Attendance Successfully  
[2022-10-13 19:32:02] local.INFO: Attendance Successfully  
[2022-10-13 19:32:02] local.INFO: Attendance Successfully  
[2022-10-13 19:32:02] local.INFO: Attendance Successfully  
[2022-10-13 19:32:02] local.INFO: Attendance Successfully  
[2022-10-13 19:32:02] local.INFO: Attendance Successfully  
[2022-10-13 19:32:02] local.INFO: Attendance Successfully  
[2022-10-13 19:32:02] local.INFO: Attendance Successfully  
[2022-10-13 19:32:02] local.INFO: Attendance Successfully  
[2022-10-13 19:32:02] local.INFO: Attendance Successfully  
[2022-10-13 19:32:02] local.INFO: Attendance Successfully  
[2022-10-13 19:32:02] local.INFO: Attendance Successfully  
[2022-10-13 19:32:02] local.INFO: Attendance Successfully  
[2022-10-13 19:32:02] local.INFO: Attendance Successfully  
[2022-10-13 19:32:02] local.INFO: Attendance Successfully  
[2022-10-13 19:32:02] local.INFO: Attendance Successfully  
[2022-10-13 19:32:02] local.INFO: Attendance Successfully  
[2022-10-13 19:32:02] local.INFO: Attendance Successfully  
[2022-10-13 19:32:02] local.INFO: Attendance Successfully  
[2022-10-13 19:32:02] local.INFO: Attendance Successfully  
[2022-10-13 19:32:02] local.INFO: Attendance Successfully  
[2022-10-13 19:32:02] local.INFO: Attendance Successfully  
[2022-10-13 19:32:02] local.INFO: Attendance Successfully  
[2022-10-13 19:32:02] local.INFO: Attendance Successfully  
[2022-10-13 19:32:02] local.INFO: Attendance Successfully  
[2022-10-13 19:32:02] local.INFO: Attendance Successfully  
[2022-10-13 19:32:02] local.INFO: Attendance Successfully  
[2022-10-13 19:32:02] local.INFO: Attendance Successfully  
[2022-10-13 19:32:02] local.INFO: Attendance Successfully  
[2022-10-13 19:32:02] local.INFO: Attendance Successfully  
[2022-10-13 19:32:02] local.INFO: Attendance Successfully  
[2022-10-13 19:32:02] local.INFO: Attendance Successfully  
[2022-10-13 19:32:02] local.INFO: Attendance Successfully  
[2022-10-13 19:32:02] local.INFO: Attendance Successfully  
[2022-10-13 19:32:02] local.INFO: Attendance Successfully  
[2022-10-13 19:32:02] local.INFO: Attendance Successfully  
[2022-10-13 19:32:02] local.INFO: Attendance Successfully  
[2022-10-13 19:32:02] local.INFO: Attendance Successfully  
[2022-10-13 19:32:02] local.INFO: Attendance Successfully  
[2022-10-13 19:32:02] local.INFO: Attendance Successfully  
[2022-10-13 19:32:02] local.INFO: Attendance Successfully  
[2022-10-13 19:32:02] local.INFO: Attendance Successfully  
[2022-10-13 19:32:02] local.INFO: Attendance Successfully  
[2022-10-13 19:32:02] local.INFO: Attendance Successfully  
[2022-10-13 19:32:02] local.INFO: Attendance Successfully  
[2022-10-13 19:32:02] local.INFO: Attendance Successfully  
[2022-10-13 19:32:02] local.INFO: Attendance Successfully  
[2022-10-13 19:32:02] local.INFO: Attendance Successfully  
[2022-10-13 19:32:02] local.INFO: Attendance Successfully  
[2022-10-13 19:32:02] local.INFO: Attendance Successfully  
[2022-10-13 19:32:02] local.INFO: Attendance Successfully  
[2022-10-13 19:32:02] local.INFO: Attendance Successfully  
[2022-10-13 19:32:02] local.INFO: Attendance Successfully  
[2022-10-13 19:32:02] local.INFO: Attendance Successfully  
[2022-10-13 19:32:02] local.INFO: Attendance Successfully  
[2022-10-13 19:32:02] local.INFO: Attendance Successfully  
[2022-10-13 19:32:02] local.INFO: Attendance Successfully  
[2022-10-13 19:32:02] local.INFO: Attendance Successfully  
[2022-10-13 19:32:02] local.INFO: Attendance Successfully  
[2022-10-13 19:32:02] local.INFO: Attendance Successfully  
[2022-10-13 19:32:02] local.INFO: Attendance Successfully  
[2022-10-13 19:32:51] local.ERROR: Cannot redeclare getEmployeeAcordigToDesignation() (previously declared in C:\xampp\htdocs\rgms\app\helpers.php:37) {"exception":"[object] (Symfony\\Component\\ErrorHandler\\Error\\FatalError(code: 0): Cannot redeclare getEmployeeAcordigToDesignation() (previously declared in C:\\xampp\\htdocs\gms\\app\\helpers.php:37) at C:\\xampp\\htdocs\gms\\app\\helpers.php:37)
[stacktrace]
#0 {main}
"} 
[2022-10-13 19:33:51] local.ERROR: Cannot redeclare getEmployeeAcordigToDesignation() (previously declared in C:\xampp\htdocs\rgms\app\helpers.php:37) {"exception":"[object] (Symfony\\Component\\ErrorHandler\\Error\\FatalError(code: 0): Cannot redeclare getEmployeeAcordigToDesignation() (previously declared in C:\\xampp\\htdocs\gms\\app\\helpers.php:37) at C:\\xampp\\htdocs\gms\\app\\helpers.php:37)
[stacktrace]
#0 {main}
"} 
[2022-10-13 19:34:51] local.ERROR: Cannot redeclare getEmployeeAcordigToDesignation() (previously declared in C:\xampp\htdocs\rgms\app\helpers.php:37) {"exception":"[object] (Symfony\\Component\\ErrorHandler\\Error\\FatalError(code: 0): Cannot redeclare getEmployeeAcordigToDesignation() (previously declared in C:\\xampp\\htdocs\gms\\app\\helpers.php:37) at C:\\xampp\\htdocs\gms\\app\\helpers.php:37)
[stacktrace]
#0 {main}
"} 
[2022-10-13 19:35:51] local.ERROR: Cannot redeclare getEmployeeAcordigToDesignation() (previously declared in C:\xampp\htdocs\rgms\app\helpers.php:37) {"exception":"[object] (Symfony\\Component\\ErrorHandler\\Error\\FatalError(code: 0): Cannot redeclare getEmployeeAcordigToDesignation() (previously declared in C:\\xampp\\htdocs\gms\\app\\helpers.php:37) at C:\\xampp\\htdocs\gms\\app\\helpers.php:37)
[stacktrace]
#0 {main}
"} 
[2022-10-13 19:36:52] local.ERROR: Cannot redeclare getEmployeeAcordigToDesignation() (previously declared in C:\xampp\htdocs\rgms\app\helpers.php:37) {"exception":"[object] (Symfony\\Component\\ErrorHandler\\Error\\FatalError(code: 0): Cannot redeclare getEmployeeAcordigToDesignation() (previously declared in C:\\xampp\\htdocs\gms\\app\\helpers.php:37) at C:\\xampp\\htdocs\gms\\app\\helpers.php:37)
[stacktrace]
#0 {main}
"} 
[2022-10-13 19:37:51] local.ERROR: Cannot redeclare getEmployeeAcordigToDesignation() (previously declared in C:\xampp\htdocs\rgms\app\helpers.php:37) {"exception":"[object] (Symfony\\Component\\ErrorHandler\\Error\\FatalError(code: 0): Cannot redeclare getEmployeeAcordigToDesignation() (previously declared in C:\\xampp\\htdocs\gms\\app\\helpers.php:37) at C:\\xampp\\htdocs\gms\\app\\helpers.php:37)
[stacktrace]
#0 {main}
"} 
